INFO: [VRFC 10-2263] Analyzing SystemVerilog file "C:/Users/Kelechi/Documents/Cal_Poly/CPE_333/lab2/otter_multicycle_memoryhub_cache_templates/memory_interfaces.sv" into library xil_defaultlib
INFO: [VRFC 10-311] analyzing module vlm_protocol_validator
INFO: [VRFC 10-311] analyzing module memory_interfaces
INFO: [VRFC 10-2263] Analyzing SystemVerilog file "C:/Users/Kelechi/Documents/Cal_Poly/CPE_333/lab2/otter_multicycle_memoryhub_cache_templates/dcache.sv" into library xil_defaultlib
INFO: [VRFC 10-311] analyzing module L1_cache_data
INFO: [VRFC 10-311] analyzing module L1_cache_tag
INFO: [VRFC 10-311] analyzing module dcache
INFO: [VRFC 10-2458] undeclared symbol data_blk_msb, assumed default net type wire [C:/Users/Kelechi/Documents/Cal_Poly/CPE_333/lab2/otter_multicycle_memoryhub_cache_templates/dcache.sv:163]
INFO: [VRFC 10-2458] undeclared symbol data_blk_lsb, assumed default net type wire [C:/Users/Kelechi/Documents/Cal_Poly/CPE_333/lab2/otter_multicycle_memoryhub_cache_templates/dcache.sv:164]
INFO: [VRFC 10-311] analyzing module icache
INFO: [VRFC 10-2458] undeclared symbol data_blk_msb, assumed default net type wire [C:/Users/Kelechi/Documents/Cal_Poly/CPE_333/lab2/otter_multicycle_memoryhub_cache_templates/dcache.sv:424]
INFO: [VRFC 10-2458] undeclared symbol data_blk_lsb, assumed default net type wire [C:/Users/Kelechi/Documents/Cal_Poly/CPE_333/lab2/otter_multicycle_memoryhub_cache_templates/dcache.sv:425]
INFO: [VRFC 10-2263] Analyzing SystemVerilog file "C:/Users/Kelechi/Documents/Cal_Poly/CPE_333/lab2/otter_multicycle_memoryhub_cache_templates/icache.sv" into library xil_defaultlib
INFO: [VRFC 10-311] analyzing module icache
WARNING: [VRFC 10-3609] overwriting previous definition of module 'icache' [C:/Users/Kelechi/Documents/Cal_Poly/CPE_333/lab2/otter_multicycle_memoryhub_cache_templates/icache.sv:26]
INFO: [VRFC 10-2263] Analyzing SystemVerilog file "C:/Users/Kelechi/Documents/Cal_Poly/CPE_333/lab2/otter_multicycle_memoryhub_cache_templates/cache_testbench.sv" into library xil_defaultlib
INFO: [VRFC 10-311] analyzing module cache_testbench
INFO: [VRFC 10-311] analyzing module sim_slow_ram
INFO: [VRFC 10-311] analyzing module sim_delay_ram
INFO: [VRFC 10-311] analyzing module sim_xilinx_bram_tdp_nc_nr
